[0.001] (II) Xorg:Server1.21.1.8
[0.002] (II) Xorg:BuildDate2026-01-01
[0.003] (II) Xorg:CurrentOSLinux6.8.0
[0.004] (II) Xorg:KernelCommandLineBOOT_IMAGE=/vmlinuz
[0.005] (==) Config:UsingDir/etc/X11/xorg.conf.d
[0.006] (==) Config:NoLayoutUsingFirstScreen
[0.007] (II) Module:Loadglx
[0.008] (II) Module:Loadmodesetting
[0.009] (II) Module:Loadfb
[0.010] (II) Module:Loadshadow
[0.011] (II) modeset(0):Using/dev/dri/card0
[0.012] (II) modeset(0):GlamorInitialized
[0.013] (WW) modeset(0):FallbackToShadowFB
[0.014] (II) modeset(0):OutputHDMI-1Connected
[0.015] (II) modeset(0):OutputDP-1Disconnected
[0.016] (II) modeset(0):EDIDVendorDELProd1234
[0.017] (II) modeset(0):HSyncRange30-83
[0.018] (II) modeset(0):VRefreshRange56-75
[0.019] (II) modeset(0):Mode1920x1080Preferred
[0.020] (II) modeset(0):Mode1280x1024
[0.021] (II) modeset(0):Mode1024x768
[0.022] (EE) modeset(0):FailedSetMode2560x1440
[0.023] (WW) modeset(0):UsingFallback1920x1080
[0.024] (II) modeset(0):ScreenSize509x286
[0.025] (II) AIGLX:EnabledGLX_MESA_copy_sub_buffer
[0.026] (II) AIGLX:LoadedIris
[0.027] (II) GLX:InitializedDRI2Provider
[0.028] (EE) DBus:SystemBusConnectionFailed
[0.029] (WW) Module:IntelNotFound
[0.030] (II) Module:UnloadIntel
[0.031] (II) Input:LoadEvdev
[0.032] (II) Input:PowerButtonKeyboard
[0.033] (II) Input:ATKeyboardDetected
[0.034] (II) Input:USBMouseDetected
[0.035] (WW) Input:XkbLayoutMissingUsingUS
[0.036] (II) XKB:LayoutSetUS
[0.037] (II) RandR:EnabledVersion1.5
[0.038] (II) modeset(0):PageFlipEnabled
[0.039] (WW) modeset(0):HotplugWithoutConnector
[0.040] (II) AIGLX:SuspendClientsVTswitch
[0.041] (II) AIGLX:ResumeClientsVTswitch
[0.042] (EE) modeset(0):DRM_IOCTL_Failed
[0.043] (WW) DRI2:DisabledDueToError
[0.044] (II) GLX:SoftwareRenderingEnabled
[0.045] (II) modeset(0):DirectRenderingDisabled
[0.046] (II) Xorg:ServerStarted
[0.047] (II) modeset(0):SwitchingToMode1920x1080
[0.048] (II) modeset(0):FrameBufferAllocated
[0.049] (II) modeset(0):CRTC0Active
[0.050] (II) modeset(0):CursorInitialized
[0.051] (WW) modeset(0):CursorSizeUnsupportedUsingDefault
[0.052] (II) Input:AddingDeviceevent1
[0.053] (II) Input:AddingDeviceevent2
[0.054] (II) Input:AddingDeviceevent3
[0.055] (II) Input:AddingDeviceevent4
[0.056] (II) Input:AddingDeviceevent5
[0.057] (WW) Input:DeviceWithoutCapabilities
[0.058] (EE) Client:RejectedLocalConnection
[0.059] (II) modeset(0):GammaCorrectionEnabled
[0.060] (II) modeset(0):DPMSInitialized
[0.061] (II) modeset(0):VTEnter
[0.062] (II) modeset(0):VTLeave
[0.063] (II) modeset(0):VTEnter
[0.064] (WW) modeset(0):EDIDChecksumInvalid
[0.065] (II) modeset(0):UsingEDIDFallback
[0.066] (II) modeset(0):ColorDepth24
[0.067] (II) modeset(0):FBConfigCreated
[0.068] (II) GLX:VendorMesaProject
[0.069] (II) GLX:RendererIris
[0.070] (EE) GLX:ContextCreationFailed
[0.071] (WW) GLX:FallingBackToSoftware
[0.072] (II) GLX:SoftwareContextActive
[0.073] (II) modeset(0):ModeSwitch1280x1024
[0.074] (II) modeset(0):ModeSwitch1024x768
[0.075] (II) modeset(0):ModeSwitch1920x1080
[0.076] (II) Xorg:Client1Connected
[0.077] (II) Xorg:Client2Connected
[0.078] (II) Xorg:Client3Connected
[0.079] (WW) Xorg:ClientTimeoutDetected
[0.080] (EE) Xorg:ClientCrashDetected
[0.081] (II) Xorg:RestartingClient
[0.082] (II) modeset(0):ReinitializingCRTC
[0.083] (II) modeset(0):ReallocatingBuffers
[0.084] (II) modeset(0):AccelerationEnabled
[0.085] (WW) modeset(0):AccelerationLimited
[0.086] (II) modeset(0):HardwareCursorEnabled
[0.087] (II) Input:HotplugKeyboard
[0.088] (II) Input:HotplugMouse
[0.089] (II) Input:HotplugTouchpad
[0.090] (WW) Input:UnknownInputDevice
[0.091] (II) modeset(0):OutputHDMI-1Disconnected
[0.092] (II) modeset(0):OutputHDMI-1Connected
[0.093] (II) modeset(0):ReprobingOutputs
[0.094] (II) modeset(0):ApplyingNewMode
[0.095] (EE) modeset(0):AtomicCommitFailed
[0.096] (WW) modeset(0):RetryingAtomicCommit
[0.097] (II) modeset(0):AtomicCommitSuccess
[0.098] (II) GLX:SwapIntervalSet1
[0.099] (II) GLX:SwapIntervalSet0
[0.100] (II) Xorg:ExtensionRANDRLoaded
[0.101] (II) Xorg:ExtensionGLXLoaded
[0.102] (II) Xorg:ExtensionMITSHMLoaded
[0.103] (II) Xorg:ExtensionRENDERLoaded
[0.104] (II) Xorg:ExtensionXInputLoaded
[0.105] (WW) Xorg:DeprecatedOptionUsed
[0.106] (II) Config:ApplyingMonitorSection
[0.107] (II) Config:ApplyingDeviceSection
[0.108] (II) Config:ApplyingScreenSection
[0.109] (II) modeset(0):PrimaryOutputHDMI-1
[0.110] (II) modeset(0):DPMSOn
[0.111] (II) modeset(0):DPMSStandby
[0.112] (II) modeset(0):DPMSOff
[0.113] (II) modeset(0):DPMSOn
[0.114] (EE) modeset(0):PageFlipTimeout
[0.115] (WW) modeset(0):DisablingPageFlip
[0.116] (II) modeset(0):PageFlipDisabled
[0.117] (II) Xorg:Client4Connected
[0.118] (II) Xorg:Client5Connected
[0.119] (WW) Xorg:TooManyClientsWarning
[0.120] (II) Xorg:ClientCleanupComplete
[0.121] (II) modeset(0):MemoryUsageNormal
[0.122] (WW) modeset(0):MemoryUsageHigh
[0.123] (II) modeset(0):MemoryUsageNormalized
[0.124] (II) Xorg:SavingScreens
[0.125] (II) Xorg:ScreenSaverActivated
[0.126] (II) Xorg:ScreenSaverDeactivated
[0.127] (EE) Xorg:FatalSignal11
[0.128] (II) Xorg:BacktraceLogged
[0.129] (II) Xorg:RestartingServer
[0.130] (II) Xorg:ServerStarted
[0.131] (II) modeset(0):ReinitializingAfterCrash
[0.132] (II) modeset(0):RestoringPreferredMode
[0.133] (II) modeset(0):RestoringGamma
[0.134] (II) GLX:ContextRestored
[0.135] (II) Input:ReattachingDevices
[0.136] (II) Input:KeyboardReady
[0.137] (II) Input:MouseReady
[0.138] (II) Input:TouchpadReady
[0.139] (WW) Input:MissingTabletDriver
[0.140] (II) modeset(0):FinalInitializationComplete
[0.141] (II) Xorg:ReadyForClients
[0.142] (II) Xorg:Client6Connected
[0.143] (II) Xorg:Client7Connected
[0.144] (II) Xorg:Client8Connected
[0.145] (II) Xorg:Client9Connected
[0.146] (II) Xorg:Client10Connected
[0.147] (WW) Xorg:ClientHighResourceUsage
[0.148] (II) modeset(0):FrameRendered
[0.149] (II) modeset(0):FrameRendered
[0.150] (II) modeset(0):FrameRendered
[0.151] (II) modeset(0):FrameRendered
[0.152] (II) modeset(0):FrameRendered
[0.153] (II) modeset(0):FrameRendered
[0.154] (II) modeset(0):FrameRendered
[0.155] (II) modeset(0):FrameRendered
[0.156] (II) modeset(0):FrameRendered
[0.157] (II) modeset(0):FrameRendered
[0.158] (WW) modeset(0):VBlankMissed
[0.159] (II) modeset(0):VBlankRecovered
[0.160] (II) Xorg:NormalOperation

